<?xml version="1.0" encoding="UTF-8"?>
<testsuite xmlns:xsi="http://www.w3.org/2001/XMLSchema-instance" xsi:schemaLocation="https://maven.apache.org/surefire/maven-surefire-plugin/xsd/surefire-test-report.xsd" name="vn.amabay.features.register.WhenRegisterNewAccount" time="4.225" tests="1" errors="0" skipped="0" failures="1">
  <properties>
    <property name="java.runtime.name" value="Java(TM) SE Runtime Environment"/>
    <property name="sun.boot.library.path" value="D:\Progam file\jre\bin"/>
    <property name="java.vm.version" value="25.201-b09"/>
    <property name="java.vm.vendor" value="Oracle Corporation"/>
    <property name="maven.multiModuleProjectDirectory" value="C:\Users\hiennt26\eclipse-workspace\webui-automation"/>
    <property name="java.vendor.url" value="http://java.oracle.com/"/>
    <property name="path.separator" value=";"/>
    <property name="guice.disable.misplaced.annotation.check" value="true"/>
    <property name="java.vm.name" value="Java HotSpot(TM) 64-Bit Server VM"/>
    <property name="file.encoding.pkg" value="sun.io"/>
    <property name="user.script" value=""/>
    <property name="user.country" value="US"/>
    <property name="sun.java.launcher" value="SUN_STANDARD"/>
    <property name="sun.os.patch.level" value=""/>
    <property name="java.vm.specification.name" value="Java Virtual Machine Specification"/>
    <property name="user.dir" value="C:\Users\hiennt26\eclipse-workspace\webui-automation"/>
    <property name="java.runtime.version" value="1.8.0_201-b09"/>
    <property name="java.awt.graphicsenv" value="sun.awt.Win32GraphicsEnvironment"/>
    <property name="java.endorsed.dirs" value="D:\Progam file\jre\lib\endorsed"/>
    <property name="os.arch" value="amd64"/>
    <property name="java.io.tmpdir" value="C:\Users\hiennt26\AppData\Local\Temp\"/>
    <property name="line.separator" value="&#10;"/>
    <property name="java.vm.specification.vendor" value="Oracle Corporation"/>
    <property name="user.variant" value=""/>
    <property name="os.name" value="Windows 10"/>
    <property name="classworlds.conf" value="C:\ProgramData\chocolatey\lib\maven\apache-maven-3.6.1\bin\..\bin\m2.conf"/>
    <property name="sun.jnu.encoding" value="Cp1252"/>
    <property name="java.library.path" value="D:\Progam file\bin;C:\Windows\Sun\Java\bin;C:\Windows\system32;C:\Windows;C:\Program Files (x86)\Common Files\Oracle\Java\javapath;C:\Program Files (x86)\MKS Toolkit\mksnt;C:\PROGRA~2\MKSTOO~1\bin64;C:\PROGRA~2\MKSTOO~1\bin;C:\PROGRA~2\MKSTOO~1\bin\X11;C:\PROGRA~2\MKSTOO~1\mksnt;C:\IBM\InformationServer/jdk32\jre\bin;C:\IBM\InformationServer/jdk32\jre\bin\j9vm;C:\IBM\InformationServer\ASBNode\lib\cpp;C:\IBM\InformationServer\ASBNode\apps\proxy\cpp\vc60\MT_dll\bin;C:\Program Files (x86)\Common Files\NetSarang;C:\oracle_client\product\11.1.0\client_1\bin;C:\Windows\system32;C:\Windows;C:\Windows\System32\Wbem;C:\Windows\System32\WindowsPowerShell\v1.0\;C:\Program Files (x86)\IBM\Client Access\Emulator;C:\Program Files (x86)\IBM\Client Access\Shared;C:\Program Files (x86)\IBM\Client Access\;C:\Program Files\McAfee\Solidcore\Tools\GatherInfo;C:\Program Files\McAfee\Solidcore\Tools\Scanalyzer;C:\Program Files\McAfee\Solidcore\;C:\Program Files\McAfee\Solidcore\Tools\ScGetCerts;&quot;C:\ProgramData\chocolatey\lib\maven\apache-maven-3.6.1\bin;&quot;;C:\Program Files (x86)\Windows Live\Shared;C:\Program Files\Git\cmd;C:\Program Files\TortoiseSVN\bin;C:\ProgramData\chocolatey\bin;C:\ProgramData\chocolatey\lib\maven\apache-maven-3.6.1\bin;C:\Users\hiennt26\AppData\Local\Microsoft\WindowsApps;D:\selenium\apache-maven-3.5.4\bin;D:\Progam file\bin;;."/>
    <property name="maven.conf" value="C:\ProgramData\chocolatey\lib\maven\apache-maven-3.6.1\bin\../conf"/>
    <property name="java.specification.name" value="Java Platform API Specification"/>
    <property name="java.class.version" value="52.0"/>
    <property name="sun.management.compiler" value="HotSpot 64-Bit Tiered Compilers"/>
    <property name="os.version" value="10.0"/>
    <property name="library.jansi.path" value="C:\ProgramData\chocolatey\lib\maven\apache-maven-3.6.1\bin\..\lib\jansi-native"/>
    <property name="user.home" value="C:\Users\hiennt26"/>
    <property name="tags" value="register"/>
    <property name="user.timezone" value="Asia/Bangkok"/>
    <property name="java.awt.printerjob" value="sun.awt.windows.WPrinterJob"/>
    <property name="java.specification.version" value="1.8"/>
    <property name="file.encoding" value="Cp1252"/>
    <property name="user.name" value="hiennt26"/>
    <property name="java.class.path" value="C:\ProgramData\chocolatey\lib\maven\apache-maven-3.6.1\bin\..\boot\plexus-classworlds-2.6.0.jar"/>
    <property name="java.vm.specification.version" value="1.8"/>
    <property name="sun.arch.data.model" value="64"/>
    <property name="java.home" value="D:\Progam file\jre"/>
    <property name="sun.java.command" value="org.codehaus.plexus.classworlds.launcher.Launcher clean verify -Dtags=register"/>
    <property name="java.specification.vendor" value="Oracle Corporation"/>
    <property name="user.language" value="en"/>
    <property name="awt.toolkit" value="sun.awt.windows.WToolkit"/>
    <property name="java.vm.info" value="mixed mode"/>
    <property name="java.version" value="1.8.0_201"/>
    <property name="java.ext.dirs" value="D:\Progam file\jre\lib\ext;C:\Windows\Sun\Java\lib\ext"/>
    <property name="sun.boot.class.path" value="D:\Progam file\jre\lib\resources.jar;D:\Progam file\jre\lib\rt.jar;D:\Progam file\jre\lib\sunrsasign.jar;D:\Progam file\jre\lib\jsse.jar;D:\Progam file\jre\lib\jce.jar;D:\Progam file\jre\lib\charsets.jar;D:\Progam file\jre\lib\jfr.jar;D:\Progam file\jre\classes"/>
    <property name="sun.stderr.encoding" value="cp437"/>
    <property name="java.vendor" value="Oracle Corporation"/>
    <property name="maven.home" value="C:\ProgramData\chocolatey\lib\maven\apache-maven-3.6.1\bin\.."/>
    <property name="file.separator" value="\"/>
    <property name="java.vendor.url.bug" value="http://bugreport.sun.com/bugreport/"/>
    <property name="sun.cpu.endian" value="little"/>
    <property name="sun.io.unicode.encoding" value="UnicodeLittle"/>
    <property name="sun.stdout.encoding" value="cp437"/>
    <property name="sun.desktop" value="windows"/>
    <property name="sun.cpu.isalist" value="amd64"/>
  </properties>
  <testcase name="vn.amabay.features.register.WhenRegisterNewAccount" classname="vn.amabay.features.register.WhenRegisterNewAccount" time="0.623">
    <failure message="The page object class vn.amabay.pages.HomePage looks dodgy:&#10;Failed to instantiate page (java.lang.NullPointerException: No provider implementation was specified in &apos;webdriver.provided.&apos;vn.amabuy.customedriver.MyCustomeDriver)" type="net.thucydides.core.pages.WrongPageError">net.thucydides.core.pages.WrongPageError: 
The page object class vn.amabay.pages.HomePage looks dodgy:
Failed to instantiate page (java.lang.NullPointerException: No provider implementation was specified in 'webdriver.provided.'vn.amabuy.customedriver.MyCustomeDriver)
</failure>
    <system-err><![CDATA[[main] INFO net.thucydides.core.steps.ConsoleLoggingListener - 

-------------------------------------------------------------------------------------
     _______. _______ .______       _______ .__   __.  __  .___________.____    ____ 
    /       ||   ____||   _  \     |   ____||  \ |  | |  | |           |\   \  /   / 
   |   (----`|  |__   |  |_)  |    |  |__   |   \|  | |  | `---|  |----` \   \/   /  
    \   \    |   __|  |      /     |   __|  |  . `  | |  |     |  |       \_    _/   
.----)   |   |  |____ |  |\  \----.|  |____ |  |\   | |  |     |  |         |  |     
|_______/    |_______|| _| `._____||_______||__| \__| |__|     |__|         |__|    
                                                                                     
 News and tutorials at http://www.serenity-bdd.info                                  
 Documentation at https://wakaleo.gitbooks.io/the-serenity-book/content/             
 Join the Serenity Community on Rocket Chat at https://serenity-bdd.rocket.chat      
 Serenity BDD Support and Training at http://serenity-bdd.info/#/trainingandsupport  
 Learn Serenity BDD online at http://serenity-dojo.com                               
-------------------------------------------------------------------------------------

[main] WARN net.thucydides.core.pages.Pages - Failed to instantiate page of type class vn.amabay.pages.HomePage ({})
java.lang.NullPointerException: No provider implementation was specified in 'webdriver.provided.'vn.amabuy.customedriver.MyCustomeDriver
	at com.google.common.base.Preconditions.checkNotNull(Preconditions.java:897)
	at net.thucydides.core.webdriver.ProvidedDriverConfiguration.getDriverSource(ProvidedDriverConfiguration.java:41)
	at net.thucydides.core.webdriver.WebDriverFacade.getDriverClass(WebDriverFacade.java:94)
	at net.thucydides.core.webdriver.WebDriverType.isMobile(WebDriverType.java:9)
	at net.thucydides.core.webdriver.ElementLocatorFactorySelector.platformFor(ElementLocatorFactorySelector.java:48)
	at net.thucydides.core.webdriver.ElementLocatorFactorySelector.getLocatorFor(ElementLocatorFactorySelector.java:41)
	at net.thucydides.core.webdriver.ElementLocatorFactorySelector.getLocatorFor(ElementLocatorFactorySelector.java:31)
	at net.thucydides.core.annotations.locators.SmartElementProxyCreator.proxyElements(SmartElementProxyCreator.java:21)
	at net.thucydides.core.webdriver.DefaultPageObjectInitialiser.apply(DefaultPageObjectInitialiser.java:19)
	at net.serenitybdd.core.pages.PageObject.setDriver(PageObject.java:166)
	at net.serenitybdd.core.pages.PageObject.setDriver(PageObject.java:170)
	at net.thucydides.core.pages.Pages.createFromSimpleConstructor(Pages.java:237)
	at net.thucydides.core.pages.Pages.getCurrentPageOfType(Pages.java:204)
	at net.thucydides.core.pages.Pages.getPage(Pages.java:90)
	at net.thucydides.core.steps.PageObjectDependencyInjector.instantiatePageObjectIfNotAssigned(PageObjectDependencyInjector.java:55)
	at net.thucydides.core.steps.PageObjectDependencyInjector.injectDependenciesInto(PageObjectDependencyInjector.java:33)
	at net.thucydides.core.steps.StepFactory.injectOtherDependenciesInto(StepFactory.java:166)
	at net.thucydides.core.steps.StepFactory.instantiateNewStepLibraryFor(StepFactory.java:156)
	at net.thucydides.core.steps.StepFactory.instantiateNewStepLibraryFor(StepFactory.java:139)
	at net.thucydides.core.steps.StepFactory.getNewStepLibraryFor(StepFactory.java:86)
	at net.thucydides.core.steps.IndividualInstancesByDefaultStepCreationStrategy.initiateStepsFor(IndividualInstancesByDefaultStepCreationStrategy.java:16)
	at net.thucydides.core.steps.StepAnnotations.instantiateAnyUnitiaializedSteps(StepAnnotations.java:76)
	at net.thucydides.core.steps.StepAnnotations.instanciateScenarioStepFields(StepAnnotations.java:60)
	at net.thucydides.core.steps.StepAnnotations.injectScenarioStepsInto(StepAnnotations.java:42)
	at net.serenitybdd.junit.runners.SerenityRunner.injectScenarioStepsInto(SerenityRunner.java:636)
	at net.serenitybdd.junit.runners.SerenityRunner.methodInvoker(SerenityRunner.java:599)
	at org.junit.runners.BlockJUnit4ClassRunner.methodBlock(BlockJUnit4ClassRunner.java:273)
	at org.junit.runners.BlockJUnit4ClassRunner.runChild(BlockJUnit4ClassRunner.java:78)
	at net.serenitybdd.junit.runners.SerenityRunner.performRunChild(SerenityRunner.java:463)
	at net.serenitybdd.junit.runners.SerenityRunner.runChild(SerenityRunner.java:438)
	at net.serenitybdd.junit.runners.SerenityRunner.runChild(SerenityRunner.java:45)
	at org.junit.runners.ParentRunner$3.run(ParentRunner.java:290)
	at org.junit.runners.ParentRunner$1.schedule(ParentRunner.java:71)
	at org.junit.runners.ParentRunner.runChildren(ParentRunner.java:288)
	at org.junit.runners.ParentRunner.access$000(ParentRunner.java:58)
	at org.junit.runners.ParentRunner$2.evaluate(ParentRunner.java:268)
	at org.junit.runners.ParentRunner.run(ParentRunner.java:363)
	at net.serenitybdd.junit.runners.SerenityRunner.run(SerenityRunner.java:242)
	at org.apache.maven.surefire.junit4.JUnit4Provider.execute(JUnit4Provider.java:367)
	at org.apache.maven.surefire.junit4.JUnit4Provider.executeWithRerun(JUnit4Provider.java:274)
	at org.apache.maven.surefire.junit4.JUnit4Provider.executeTestSet(JUnit4Provider.java:238)
	at org.apache.maven.surefire.junit4.JUnit4Provider.invoke(JUnit4Provider.java:161)
	at org.apache.maven.surefire.booter.ForkedBooter.invokeProviderInSameClassLoader(ForkedBooter.java:290)
	at org.apache.maven.surefire.booter.ForkedBooter.runSuitesInProcess(ForkedBooter.java:242)
	at org.apache.maven.surefire.booter.ForkedBooter.main(ForkedBooter.java:121)
]]></system-err>
  </testcase>
</testsuite>